<?xml version="1.0" encoding="UTF-8"?>
<testng-results ignored="0" total="1" passed="1" failed="0" skipped="0">
  <reporter-output>
  </reporter-output>
  <suite started-at="2021-03-22T17:23:22 CET" name="Default suite" finished-at="2021-03-22T17:23:28 CET" duration-ms="6302">
    <groups>
    </groups>
    <test started-at="2021-03-22T17:23:22 CET" name="Default test" finished-at="2021-03-22T17:23:28 CET" duration-ms="6302">
      <class name="Automation.validateTitle">
        <test-method signature="getTitle()[pri:0, instance:Automation.validateTitle@2177849e]" started-at="2021-03-22T17:23:22 CET" name="getTitle" finished-at="2021-03-22T17:23:28 CET" duration-ms="6191" status="PASS">
          <reporter-output>
          </reporter-output>
        </test-method> <!-- getTitle -->
      </class> <!-- Automation.validateTitle -->
    </test> <!-- Default test -->
  </suite> <!-- Default suite -->
</testng-results>
