<?xml version="1.0" encoding="UTF-8"?>
<!-- Generated by org.testng.reporters.JUnitXMLReporter -->
<testsuite ignored="0" hostname="DESKTOP-P6R94B2" failures="0" tests="3" name="Default test" time="17.918" errors="0" timestamp="2021-03-24T01:13:49 CET">
  <testcase classname="Automation.HomePage" name="basePageNavigation" time="5.592"/>
  <testcase classname="Automation.HomePage" name="basePageNavigation" time="5.096"/>
  <testcase classname="Automation.HomePage" name="forgotPassword" time="7.171"/>
</testsuite> <!-- Default test -->
