<?xml version="1.0" encoding="UTF-8"?>
<!-- Generated by org.testng.reporters.JUnitXMLReporter -->
<testsuite ignored="1" hostname="DESKTOP-P6R94B2" failures="0" tests="1" name="Default test" time="5.711" errors="0" timestamp="2021-03-24T01:38:56 CET">
  <testcase classname="Automation.HomePage" name="forgotPassword" time="3.548"/>
  <testcase classname="Automation.HomePage" name="basePageNavigation" time="0.0">
    <ignored/>
  </testcase> <!-- basePageNavigation -->
</testsuite> <!-- Default test -->
